[24-Aug-2021 12:29:26 UTC] PHP Warning:  require(/var/www/html/Oprofile/wordpress/content/themes/oprofile/inc/template-tags): failed to open stream: No such file or directory in /var/www/html/Oprofile/wordpress/content/themes/oprofile/functions.php on line 5
[24-Aug-2021 12:29:26 UTC] PHP Stack trace:
[24-Aug-2021 12:29:26 UTC] PHP   1. {main}() /var/www/html/Oprofile/wordpress/wp/wp-admin/admin-ajax.php:0
[24-Aug-2021 12:29:26 UTC] PHP   2. require_once() /var/www/html/Oprofile/wordpress/wp/wp-admin/admin-ajax.php:22
[24-Aug-2021 12:29:26 UTC] PHP   3. require_once() /var/www/html/Oprofile/wordpress/wp/wp-load.php:55
[24-Aug-2021 12:29:26 UTC] PHP   4. require_once() /var/www/html/Oprofile/wordpress/wp-config.php:131
[24-Aug-2021 12:29:26 UTC] PHP   5. include() /var/www/html/Oprofile/wordpress/wp/wp-settings.php:546
[24-Aug-2021 12:29:26 UTC] PHP Fatal error:  require(): Failed opening required '/var/www/html/Oprofile/wordpress/content/themes/oprofile/inc/template-tags' (include_path='.:/usr/share/php') in /var/www/html/Oprofile/wordpress/content/themes/oprofile/functions.php on line 5
[24-Aug-2021 12:29:26 UTC] PHP Stack trace:
[24-Aug-2021 12:29:26 UTC] PHP   1. {main}() /var/www/html/Oprofile/wordpress/wp/wp-admin/admin-ajax.php:0
[24-Aug-2021 12:29:26 UTC] PHP   2. require_once() /var/www/html/Oprofile/wordpress/wp/wp-admin/admin-ajax.php:22
[24-Aug-2021 12:29:26 UTC] PHP   3. require_once() /var/www/html/Oprofile/wordpress/wp/wp-load.php:55
[24-Aug-2021 12:29:26 UTC] PHP   4. require_once() /var/www/html/Oprofile/wordpress/wp-config.php:131
[24-Aug-2021 12:29:26 UTC] PHP   5. include() /var/www/html/Oprofile/wordpress/wp/wp-settings.php:546
[24-Aug-2021 12:31:26 UTC] PHP Warning:  require(/var/www/html/Oprofile/wordpress/content/themes/oprofile/inc/template-tags): failed to open stream: No such file or directory in /var/www/html/Oprofile/wordpress/content/themes/oprofile/functions.php on line 5
[24-Aug-2021 12:31:26 UTC] PHP Stack trace:
[24-Aug-2021 12:31:26 UTC] PHP   1. {main}() /var/www/html/Oprofile/wordpress/wp/wp-admin/admin-ajax.php:0
[24-Aug-2021 12:31:26 UTC] PHP   2. require_once() /var/www/html/Oprofile/wordpress/wp/wp-admin/admin-ajax.php:22
[24-Aug-2021 12:31:26 UTC] PHP   3. require_once() /var/www/html/Oprofile/wordpress/wp/wp-load.php:55
[24-Aug-2021 12:31:26 UTC] PHP   4. require_once() /var/www/html/Oprofile/wordpress/wp-config.php:131
[24-Aug-2021 12:31:26 UTC] PHP   5. include() /var/www/html/Oprofile/wordpress/wp/wp-settings.php:546
[24-Aug-2021 12:31:26 UTC] PHP Fatal error:  require(): Failed opening required '/var/www/html/Oprofile/wordpress/content/themes/oprofile/inc/template-tags' (include_path='.:/usr/share/php') in /var/www/html/Oprofile/wordpress/content/themes/oprofile/functions.php on line 5
[24-Aug-2021 12:31:26 UTC] PHP Stack trace:
[24-Aug-2021 12:31:26 UTC] PHP   1. {main}() /var/www/html/Oprofile/wordpress/wp/wp-admin/admin-ajax.php:0
[24-Aug-2021 12:31:26 UTC] PHP   2. require_once() /var/www/html/Oprofile/wordpress/wp/wp-admin/admin-ajax.php:22
[24-Aug-2021 12:31:26 UTC] PHP   3. require_once() /var/www/html/Oprofile/wordpress/wp/wp-load.php:55
[24-Aug-2021 12:31:26 UTC] PHP   4. require_once() /var/www/html/Oprofile/wordpress/wp-config.php:131
[24-Aug-2021 12:31:26 UTC] PHP   5. include() /var/www/html/Oprofile/wordpress/wp/wp-settings.php:546
[24-Aug-2021 12:33:26 UTC] PHP Warning:  require(/var/www/html/Oprofile/wordpress/content/themes/oprofile/inc/template-tags): failed to open stream: No such file or directory in /var/www/html/Oprofile/wordpress/content/themes/oprofile/functions.php on line 5
[24-Aug-2021 12:33:26 UTC] PHP Stack trace:
[24-Aug-2021 12:33:26 UTC] PHP   1. {main}() /var/www/html/Oprofile/wordpress/wp/wp-admin/admin-ajax.php:0
[24-Aug-2021 12:33:26 UTC] PHP   2. require_once() /var/www/html/Oprofile/wordpress/wp/wp-admin/admin-ajax.php:22
[24-Aug-2021 12:33:26 UTC] PHP   3. require_once() /var/www/html/Oprofile/wordpress/wp/wp-load.php:55
[24-Aug-2021 12:33:26 UTC] PHP   4. require_once() /var/www/html/Oprofile/wordpress/wp-config.php:131
[24-Aug-2021 12:33:26 UTC] PHP   5. include() /var/www/html/Oprofile/wordpress/wp/wp-settings.php:546
[24-Aug-2021 12:33:26 UTC] PHP Fatal error:  require(): Failed opening required '/var/www/html/Oprofile/wordpress/content/themes/oprofile/inc/template-tags' (include_path='.:/usr/share/php') in /var/www/html/Oprofile/wordpress/content/themes/oprofile/functions.php on line 5
[24-Aug-2021 12:33:26 UTC] PHP Stack trace:
[24-Aug-2021 12:33:26 UTC] PHP   1. {main}() /var/www/html/Oprofile/wordpress/wp/wp-admin/admin-ajax.php:0
[24-Aug-2021 12:33:26 UTC] PHP   2. require_once() /var/www/html/Oprofile/wordpress/wp/wp-admin/admin-ajax.php:22
[24-Aug-2021 12:33:26 UTC] PHP   3. require_once() /var/www/html/Oprofile/wordpress/wp/wp-load.php:55
[24-Aug-2021 12:33:26 UTC] PHP   4. require_once() /var/www/html/Oprofile/wordpress/wp-config.php:131
[24-Aug-2021 12:33:26 UTC] PHP   5. include() /var/www/html/Oprofile/wordpress/wp/wp-settings.php:546
[24-Aug-2021 12:35:26 UTC] PHP Warning:  require(/var/www/html/Oprofile/wordpress/content/themes/oprofile/inc/template-tags): failed to open stream: No such file or directory in /var/www/html/Oprofile/wordpress/content/themes/oprofile/functions.php on line 5
[24-Aug-2021 12:35:26 UTC] PHP Stack trace:
[24-Aug-2021 12:35:26 UTC] PHP   1. {main}() /var/www/html/Oprofile/wordpress/wp/wp-admin/admin-ajax.php:0
[24-Aug-2021 12:35:26 UTC] PHP   2. require_once() /var/www/html/Oprofile/wordpress/wp/wp-admin/admin-ajax.php:22
[24-Aug-2021 12:35:26 UTC] PHP   3. require_once() /var/www/html/Oprofile/wordpress/wp/wp-load.php:55
[24-Aug-2021 12:35:26 UTC] PHP   4. require_once() /var/www/html/Oprofile/wordpress/wp-config.php:131
[24-Aug-2021 12:35:26 UTC] PHP   5. include() /var/www/html/Oprofile/wordpress/wp/wp-settings.php:546
[24-Aug-2021 12:35:26 UTC] PHP Fatal error:  require(): Failed opening required '/var/www/html/Oprofile/wordpress/content/themes/oprofile/inc/template-tags' (include_path='.:/usr/share/php') in /var/www/html/Oprofile/wordpress/content/themes/oprofile/functions.php on line 5
[24-Aug-2021 12:35:26 UTC] PHP Stack trace:
[24-Aug-2021 12:35:26 UTC] PHP   1. {main}() /var/www/html/Oprofile/wordpress/wp/wp-admin/admin-ajax.php:0
[24-Aug-2021 12:35:26 UTC] PHP   2. require_once() /var/www/html/Oprofile/wordpress/wp/wp-admin/admin-ajax.php:22
[24-Aug-2021 12:35:26 UTC] PHP   3. require_once() /var/www/html/Oprofile/wordpress/wp/wp-load.php:55
[24-Aug-2021 12:35:26 UTC] PHP   4. require_once() /var/www/html/Oprofile/wordpress/wp-config.php:131
[24-Aug-2021 12:35:26 UTC] PHP   5. include() /var/www/html/Oprofile/wordpress/wp/wp-settings.php:546
[24-Aug-2021 12:37:26 UTC] PHP Warning:  require(/var/www/html/Oprofile/wordpress/content/themes/oprofile/inc/template-tags): failed to open stream: No such file or directory in /var/www/html/Oprofile/wordpress/content/themes/oprofile/functions.php on line 5
[24-Aug-2021 12:37:26 UTC] PHP Stack trace:
[24-Aug-2021 12:37:26 UTC] PHP   1. {main}() /var/www/html/Oprofile/wordpress/wp/wp-admin/admin-ajax.php:0
[24-Aug-2021 12:37:26 UTC] PHP   2. require_once() /var/www/html/Oprofile/wordpress/wp/wp-admin/admin-ajax.php:22
[24-Aug-2021 12:37:26 UTC] PHP   3. require_once() /var/www/html/Oprofile/wordpress/wp/wp-load.php:55
[24-Aug-2021 12:37:26 UTC] PHP   4. require_once() /var/www/html/Oprofile/wordpress/wp-config.php:131
[24-Aug-2021 12:37:26 UTC] PHP   5. include() /var/www/html/Oprofile/wordpress/wp/wp-settings.php:546
[24-Aug-2021 12:37:26 UTC] PHP Fatal error:  require(): Failed opening required '/var/www/html/Oprofile/wordpress/content/themes/oprofile/inc/template-tags' (include_path='.:/usr/share/php') in /var/www/html/Oprofile/wordpress/content/themes/oprofile/functions.php on line 5
[24-Aug-2021 12:37:26 UTC] PHP Stack trace:
[24-Aug-2021 12:37:26 UTC] PHP   1. {main}() /var/www/html/Oprofile/wordpress/wp/wp-admin/admin-ajax.php:0
[24-Aug-2021 12:37:26 UTC] PHP   2. require_once() /var/www/html/Oprofile/wordpress/wp/wp-admin/admin-ajax.php:22
[24-Aug-2021 12:37:26 UTC] PHP   3. require_once() /var/www/html/Oprofile/wordpress/wp/wp-load.php:55
[24-Aug-2021 12:37:26 UTC] PHP   4. require_once() /var/www/html/Oprofile/wordpress/wp-config.php:131
[24-Aug-2021 12:37:26 UTC] PHP   5. include() /var/www/html/Oprofile/wordpress/wp/wp-settings.php:546
[24-Aug-2021 12:39:26 UTC] PHP Warning:  require(/var/www/html/Oprofile/wordpress/content/themes/oprofile/inc/template-tags): failed to open stream: No such file or directory in /var/www/html/Oprofile/wordpress/content/themes/oprofile/functions.php on line 5
[24-Aug-2021 12:39:26 UTC] PHP Stack trace:
[24-Aug-2021 12:39:26 UTC] PHP   1. {main}() /var/www/html/Oprofile/wordpress/wp/wp-admin/admin-ajax.php:0
[24-Aug-2021 12:39:26 UTC] PHP   2. require_once() /var/www/html/Oprofile/wordpress/wp/wp-admin/admin-ajax.php:22
[24-Aug-2021 12:39:26 UTC] PHP   3. require_once() /var/www/html/Oprofile/wordpress/wp/wp-load.php:55
[24-Aug-2021 12:39:26 UTC] PHP   4. require_once() /var/www/html/Oprofile/wordpress/wp-config.php:131
[24-Aug-2021 12:39:26 UTC] PHP   5. include() /var/www/html/Oprofile/wordpress/wp/wp-settings.php:546
[24-Aug-2021 12:39:26 UTC] PHP Fatal error:  require(): Failed opening required '/var/www/html/Oprofile/wordpress/content/themes/oprofile/inc/template-tags' (include_path='.:/usr/share/php') in /var/www/html/Oprofile/wordpress/content/themes/oprofile/functions.php on line 5
[24-Aug-2021 12:39:26 UTC] PHP Stack trace:
[24-Aug-2021 12:39:26 UTC] PHP   1. {main}() /var/www/html/Oprofile/wordpress/wp/wp-admin/admin-ajax.php:0
[24-Aug-2021 12:39:26 UTC] PHP   2. require_once() /var/www/html/Oprofile/wordpress/wp/wp-admin/admin-ajax.php:22
[24-Aug-2021 12:39:26 UTC] PHP   3. require_once() /var/www/html/Oprofile/wordpress/wp/wp-load.php:55
[24-Aug-2021 12:39:26 UTC] PHP   4. require_once() /var/www/html/Oprofile/wordpress/wp-config.php:131
[24-Aug-2021 12:39:26 UTC] PHP   5. include() /var/www/html/Oprofile/wordpress/wp/wp-settings.php:546
[24-Aug-2021 12:40:32 UTC] PHP Warning:  require(/var/www/html/Oprofile/wordpress/content/themes/oprofile/inc/template-tags): failed to open stream: No such file or directory in /var/www/html/Oprofile/wordpress/content/themes/oprofile/functions.php on line 5
[24-Aug-2021 12:40:32 UTC] PHP Stack trace:
[24-Aug-2021 12:40:32 UTC] PHP   1. {main}() /var/www/html/Oprofile/wordpress/index.php:0
[24-Aug-2021 12:40:32 UTC] PHP   2. require() /var/www/html/Oprofile/wordpress/index.php:17
[24-Aug-2021 12:40:32 UTC] PHP   3. require_once() /var/www/html/Oprofile/wordpress/wp/wp-blog-header.php:13
[24-Aug-2021 12:40:32 UTC] PHP   4. require_once() /var/www/html/Oprofile/wordpress/wp/wp-load.php:55
[24-Aug-2021 12:40:32 UTC] PHP   5. require_once() /var/www/html/Oprofile/wordpress/wp-config.php:131
[24-Aug-2021 12:40:32 UTC] PHP   6. include() /var/www/html/Oprofile/wordpress/wp/wp-settings.php:546
[24-Aug-2021 12:40:32 UTC] PHP Fatal error:  require(): Failed opening required '/var/www/html/Oprofile/wordpress/content/themes/oprofile/inc/template-tags' (include_path='.:/usr/share/php') in /var/www/html/Oprofile/wordpress/content/themes/oprofile/functions.php on line 5
[24-Aug-2021 12:40:32 UTC] PHP Stack trace:
[24-Aug-2021 12:40:32 UTC] PHP   1. {main}() /var/www/html/Oprofile/wordpress/index.php:0
[24-Aug-2021 12:40:32 UTC] PHP   2. require() /var/www/html/Oprofile/wordpress/index.php:17
[24-Aug-2021 12:40:32 UTC] PHP   3. require_once() /var/www/html/Oprofile/wordpress/wp/wp-blog-header.php:13
[24-Aug-2021 12:40:32 UTC] PHP   4. require_once() /var/www/html/Oprofile/wordpress/wp/wp-load.php:55
[24-Aug-2021 12:40:32 UTC] PHP   5. require_once() /var/www/html/Oprofile/wordpress/wp-config.php:131
[24-Aug-2021 12:40:32 UTC] PHP   6. include() /var/www/html/Oprofile/wordpress/wp/wp-settings.php:546
[24-Aug-2021 12:40:47 UTC] PHP Warning:  require(/var/www/html/Oprofile/wordpress/content/themes/oprofile/template-tags): failed to open stream: No such file or directory in /var/www/html/Oprofile/wordpress/content/themes/oprofile/functions.php on line 5
[24-Aug-2021 12:40:47 UTC] PHP Stack trace:
[24-Aug-2021 12:40:47 UTC] PHP   1. {main}() /var/www/html/Oprofile/wordpress/index.php:0
[24-Aug-2021 12:40:47 UTC] PHP   2. require() /var/www/html/Oprofile/wordpress/index.php:17
[24-Aug-2021 12:40:47 UTC] PHP   3. require_once() /var/www/html/Oprofile/wordpress/wp/wp-blog-header.php:13
[24-Aug-2021 12:40:47 UTC] PHP   4. require_once() /var/www/html/Oprofile/wordpress/wp/wp-load.php:55
[24-Aug-2021 12:40:47 UTC] PHP   5. require_once() /var/www/html/Oprofile/wordpress/wp-config.php:131
[24-Aug-2021 12:40:47 UTC] PHP   6. include() /var/www/html/Oprofile/wordpress/wp/wp-settings.php:546
[24-Aug-2021 12:40:47 UTC] PHP Fatal error:  require(): Failed opening required '/var/www/html/Oprofile/wordpress/content/themes/oprofile/template-tags' (include_path='.:/usr/share/php') in /var/www/html/Oprofile/wordpress/content/themes/oprofile/functions.php on line 5
[24-Aug-2021 12:40:47 UTC] PHP Stack trace:
[24-Aug-2021 12:40:47 UTC] PHP   1. {main}() /var/www/html/Oprofile/wordpress/index.php:0
[24-Aug-2021 12:40:47 UTC] PHP   2. require() /var/www/html/Oprofile/wordpress/index.php:17
[24-Aug-2021 12:40:47 UTC] PHP   3. require_once() /var/www/html/Oprofile/wordpress/wp/wp-blog-header.php:13
[24-Aug-2021 12:40:47 UTC] PHP   4. require_once() /var/www/html/Oprofile/wordpress/wp/wp-load.php:55
[24-Aug-2021 12:40:47 UTC] PHP   5. require_once() /var/www/html/Oprofile/wordpress/wp-config.php:131
[24-Aug-2021 12:40:47 UTC] PHP   6. include() /var/www/html/Oprofile/wordpress/wp/wp-settings.php:546
[24-Aug-2021 12:41:26 UTC] PHP Warning:  require(/var/www/html/Oprofile/wordpress/content/themes/oprofile/template-tags): failed to open stream: No such file or directory in /var/www/html/Oprofile/wordpress/content/themes/oprofile/functions.php on line 5
[24-Aug-2021 12:41:26 UTC] PHP Stack trace:
[24-Aug-2021 12:41:26 UTC] PHP   1. {main}() /var/www/html/Oprofile/wordpress/wp/wp-admin/admin-ajax.php:0
[24-Aug-2021 12:41:26 UTC] PHP   2. require_once() /var/www/html/Oprofile/wordpress/wp/wp-admin/admin-ajax.php:22
[24-Aug-2021 12:41:26 UTC] PHP   3. require_once() /var/www/html/Oprofile/wordpress/wp/wp-load.php:55
[24-Aug-2021 12:41:26 UTC] PHP   4. require_once() /var/www/html/Oprofile/wordpress/wp-config.php:131
[24-Aug-2021 12:41:26 UTC] PHP   5. include() /var/www/html/Oprofile/wordpress/wp/wp-settings.php:546
[24-Aug-2021 12:41:26 UTC] PHP Fatal error:  require(): Failed opening required '/var/www/html/Oprofile/wordpress/content/themes/oprofile/template-tags' (include_path='.:/usr/share/php') in /var/www/html/Oprofile/wordpress/content/themes/oprofile/functions.php on line 5
[24-Aug-2021 12:41:26 UTC] PHP Stack trace:
[24-Aug-2021 12:41:26 UTC] PHP   1. {main}() /var/www/html/Oprofile/wordpress/wp/wp-admin/admin-ajax.php:0
[24-Aug-2021 12:41:26 UTC] PHP   2. require_once() /var/www/html/Oprofile/wordpress/wp/wp-admin/admin-ajax.php:22
[24-Aug-2021 12:41:26 UTC] PHP   3. require_once() /var/www/html/Oprofile/wordpress/wp/wp-load.php:55
[24-Aug-2021 12:41:26 UTC] PHP   4. require_once() /var/www/html/Oprofile/wordpress/wp-config.php:131
[24-Aug-2021 12:41:26 UTC] PHP   5. include() /var/www/html/Oprofile/wordpress/wp/wp-settings.php:546
[24-Aug-2021 12:42:32 UTC] PHP Warning:  require(/var/www/html/Oprofile/wordpress/content/themes/oprofile/inc/template-tags): failed to open stream: No such file or directory in /var/www/html/Oprofile/wordpress/content/themes/oprofile/functions.php on line 5
[24-Aug-2021 12:42:32 UTC] PHP Stack trace:
[24-Aug-2021 12:42:32 UTC] PHP   1. {main}() /var/www/html/Oprofile/wordpress/index.php:0
[24-Aug-2021 12:42:32 UTC] PHP   2. require() /var/www/html/Oprofile/wordpress/index.php:17
[24-Aug-2021 12:42:32 UTC] PHP   3. require_once() /var/www/html/Oprofile/wordpress/wp/wp-blog-header.php:13
[24-Aug-2021 12:42:32 UTC] PHP   4. require_once() /var/www/html/Oprofile/wordpress/wp/wp-load.php:55
[24-Aug-2021 12:42:32 UTC] PHP   5. require_once() /var/www/html/Oprofile/wordpress/wp-config.php:131
[24-Aug-2021 12:42:32 UTC] PHP   6. include() /var/www/html/Oprofile/wordpress/wp/wp-settings.php:546
[24-Aug-2021 12:42:32 UTC] PHP Fatal error:  require(): Failed opening required '/var/www/html/Oprofile/wordpress/content/themes/oprofile/inc/template-tags' (include_path='.:/usr/share/php') in /var/www/html/Oprofile/wordpress/content/themes/oprofile/functions.php on line 5
[24-Aug-2021 12:42:32 UTC] PHP Stack trace:
[24-Aug-2021 12:42:32 UTC] PHP   1. {main}() /var/www/html/Oprofile/wordpress/index.php:0
[24-Aug-2021 12:42:32 UTC] PHP   2. require() /var/www/html/Oprofile/wordpress/index.php:17
[24-Aug-2021 12:42:32 UTC] PHP   3. require_once() /var/www/html/Oprofile/wordpress/wp/wp-blog-header.php:13
[24-Aug-2021 12:42:32 UTC] PHP   4. require_once() /var/www/html/Oprofile/wordpress/wp/wp-load.php:55
[24-Aug-2021 12:42:32 UTC] PHP   5. require_once() /var/www/html/Oprofile/wordpress/wp-config.php:131
[24-Aug-2021 12:42:32 UTC] PHP   6. include() /var/www/html/Oprofile/wordpress/wp/wp-settings.php:546
[24-Aug-2021 12:43:16 UTC] PHP Parse error:  syntax error, unexpected end of file in /var/www/html/Oprofile/wordpress/content/themes/oprofile/inc/template-tags.php on line 18
[24-Aug-2021 12:43:26 UTC] PHP Parse error:  syntax error, unexpected end of file in /var/www/html/Oprofile/wordpress/content/themes/oprofile/inc/template-tags.php on line 18
[24-Aug-2021 13:13:18 UTC] PHP Fatal error:  Cannot redeclare the_random_posts() (previously declared in /var/www/html/Oprofile/wordpress/content/themes/oprofile/inc/template-tags.php:3) in /var/www/html/Oprofile/wordpress/content/themes/oprofile/inc/template-tags.php on line 20
[24-Aug-2021 13:13:18 UTC] PHP Stack trace:
[24-Aug-2021 13:13:18 UTC] PHP   1. {main}() /var/www/html/Oprofile/wordpress/wp/wp-admin/admin-ajax.php:0
[24-Aug-2021 13:13:18 UTC] PHP   2. require_once() /var/www/html/Oprofile/wordpress/wp/wp-admin/admin-ajax.php:22
[24-Aug-2021 13:13:18 UTC] PHP   3. require_once() /var/www/html/Oprofile/wordpress/wp/wp-load.php:55
[24-Aug-2021 13:13:18 UTC] PHP   4. require_once() /var/www/html/Oprofile/wordpress/wp-config.php:131
[24-Aug-2021 13:13:18 UTC] PHP   5. include() /var/www/html/Oprofile/wordpress/wp/wp-settings.php:546
